<?xml version="1.0" encoding="UTF-8"?>
<testng-results ignored="0" total="4" passed="4" failed="0" skipped="0">
  <reporter-output>
  </reporter-output>
  <suite started-at="2019-02-05T11:02:53Z" name="NegativeTestSuite" finished-at="2019-02-05T11:04:29Z" duration-ms="96135">
    <groups>
      <group name="smokeTests">
        <method signature="NegativeTests.incorrectUsernameTest()[pri:1, instance:com.herokuapp.theinternet.NegativeTests@1e178745]" name="incorrectUsernameTest" class="com.herokuapp.theinternet.NegativeTests"/>
        <method signature="NegativeTests.incorrectUsernameTest()[pri:1, instance:com.herokuapp.theinternet.NegativeTests@2638011]" name="incorrectUsernameTest" class="com.herokuapp.theinternet.NegativeTests"/>
        <method signature="NegativeTests.incorrectUsernameTest()[pri:1, instance:com.herokuapp.theinternet.NegativeTests@a1cdc6d]" name="incorrectUsernameTest" class="com.herokuapp.theinternet.NegativeTests"/>
        <method signature="NegativeTests.incorrectUsernameTest()[pri:1, instance:com.herokuapp.theinternet.NegativeTests@5609159b]" name="incorrectUsernameTest" class="com.herokuapp.theinternet.NegativeTests"/>
      </group> <!-- smokeTests -->
      <group name="negativeTests">
        <method signature="NegativeTests.incorrectUsernameTest()[pri:1, instance:com.herokuapp.theinternet.NegativeTests@1e178745]" name="incorrectUsernameTest" class="com.herokuapp.theinternet.NegativeTests"/>
        <method signature="NegativeTests.incorrectUsernameTest()[pri:1, instance:com.herokuapp.theinternet.NegativeTests@2638011]" name="incorrectUsernameTest" class="com.herokuapp.theinternet.NegativeTests"/>
        <method signature="NegativeTests.incorrectUsernameTest()[pri:1, instance:com.herokuapp.theinternet.NegativeTests@a1cdc6d]" name="incorrectUsernameTest" class="com.herokuapp.theinternet.NegativeTests"/>
        <method signature="NegativeTests.incorrectUsernameTest()[pri:1, instance:com.herokuapp.theinternet.NegativeTests@5609159b]" name="incorrectUsernameTest" class="com.herokuapp.theinternet.NegativeTests"/>
      </group> <!-- negativeTests -->
    </groups>
    <test started-at="2019-02-05T11:02:53Z" name="NegativeUsernameTest-CH" finished-at="2019-02-05T11:03:13Z" duration-ms="20444">
      <class name="com.herokuapp.theinternet.NegativeTests">
        <test-method is-config="true" signature="setUp(java.lang.String)[pri:0, instance:com.herokuapp.theinternet.NegativeTests@1e178745]" started-at="2019-02-05T11:02:53Z" name="setUp" finished-at="2019-02-05T11:03:05Z" duration-ms="11735" status="PASS">
          <params>
            <param index="0">
              <value>
                <![CDATA[chrome]]>
              </value>
            </param>
          </params>
          <reporter-output>
          </reporter-output>
        </test-method> <!-- setUp -->
        <test-method signature="incorrectUsernameTest()[pri:1, instance:com.herokuapp.theinternet.NegativeTests@1e178745]" started-at="2019-02-05T11:03:05Z" name="incorrectUsernameTest" finished-at="2019-02-05T11:03:10Z" duration-ms="4864" status="PASS">
          <reporter-output>
          </reporter-output>
        </test-method> <!-- incorrectUsernameTest -->
        <test-method is-config="true" signature="tearDown()[pri:0, instance:com.herokuapp.theinternet.NegativeTests@1e178745]" started-at="2019-02-05T11:03:10Z" name="tearDown" finished-at="2019-02-05T11:03:13Z" duration-ms="3801" status="PASS">
          <reporter-output>
          </reporter-output>
        </test-method> <!-- tearDown -->
      </class> <!-- com.herokuapp.theinternet.NegativeTests -->
    </test> <!-- NegativeUsernameTest-CH -->
    <test started-at="2019-02-05T11:03:14Z" name="NegativeUsernameTest-FF" finished-at="2019-02-05T11:03:49Z" duration-ms="35181">
      <class name="com.herokuapp.theinternet.NegativeTests">
        <test-method is-config="true" signature="setUp(java.lang.String)[pri:0, instance:com.herokuapp.theinternet.NegativeTests@2638011]" started-at="2019-02-05T11:03:14Z" name="setUp" finished-at="2019-02-05T11:03:40Z" duration-ms="26356" status="PASS">
          <params>
            <param index="0">
              <value>
                <![CDATA[firefox]]>
              </value>
            </param>
          </params>
          <reporter-output>
          </reporter-output>
        </test-method> <!-- setUp -->
        <test-method signature="incorrectUsernameTest()[pri:1, instance:com.herokuapp.theinternet.NegativeTests@2638011]" started-at="2019-02-05T11:03:40Z" name="incorrectUsernameTest" finished-at="2019-02-05T11:03:45Z" duration-ms="4924" status="PASS">
          <reporter-output>
          </reporter-output>
        </test-method> <!-- incorrectUsernameTest -->
        <test-method is-config="true" signature="tearDown()[pri:0, instance:com.herokuapp.theinternet.NegativeTests@2638011]" started-at="2019-02-05T11:03:45Z" name="tearDown" finished-at="2019-02-05T11:03:49Z" duration-ms="3896" status="PASS">
          <reporter-output>
          </reporter-output>
        </test-method> <!-- tearDown -->
      </class> <!-- com.herokuapp.theinternet.NegativeTests -->
    </test> <!-- NegativeUsernameTest-FF -->
    <test started-at="2019-02-05T11:03:49Z" name="NegativePasswordTest-CH" finished-at="2019-02-05T11:04:04Z" duration-ms="15431">
      <class name="com.herokuapp.theinternet.NegativeTests">
        <test-method is-config="true" signature="setUp(java.lang.String)[pri:0, instance:com.herokuapp.theinternet.NegativeTests@a1cdc6d]" started-at="2019-02-05T11:03:49Z" name="setUp" finished-at="2019-02-05T11:03:56Z" duration-ms="6943" status="PASS">
          <params>
            <param index="0">
              <value>
                <![CDATA[chrome]]>
              </value>
            </param>
          </params>
          <reporter-output>
          </reporter-output>
        </test-method> <!-- setUp -->
        <test-method signature="incorrectUsernameTest()[pri:1, instance:com.herokuapp.theinternet.NegativeTests@a1cdc6d]" started-at="2019-02-05T11:03:56Z" name="incorrectUsernameTest" finished-at="2019-02-05T11:04:01Z" duration-ms="4782" status="PASS">
          <reporter-output>
          </reporter-output>
        </test-method> <!-- incorrectUsernameTest -->
        <test-method is-config="true" signature="tearDown()[pri:0, instance:com.herokuapp.theinternet.NegativeTests@a1cdc6d]" started-at="2019-02-05T11:04:01Z" name="tearDown" finished-at="2019-02-05T11:04:04Z" duration-ms="3702" status="PASS">
          <reporter-output>
          </reporter-output>
        </test-method> <!-- tearDown -->
      </class> <!-- com.herokuapp.theinternet.NegativeTests -->
    </test> <!-- NegativePasswordTest-CH -->
    <test started-at="2019-02-05T11:04:04Z" name="NegativePasswordTest-FF" finished-at="2019-02-05T11:04:29Z" duration-ms="24575">
      <class name="com.herokuapp.theinternet.NegativeTests">
        <test-method is-config="true" signature="setUp(java.lang.String)[pri:0, instance:com.herokuapp.theinternet.NegativeTests@5609159b]" started-at="2019-02-05T11:04:04Z" name="setUp" finished-at="2019-02-05T11:04:20Z" duration-ms="15940" status="PASS">
          <params>
            <param index="0">
              <value>
                <![CDATA[firefox]]>
              </value>
            </param>
          </params>
          <reporter-output>
          </reporter-output>
        </test-method> <!-- setUp -->
        <test-method signature="incorrectUsernameTest()[pri:1, instance:com.herokuapp.theinternet.NegativeTests@5609159b]" started-at="2019-02-05T11:04:20Z" name="incorrectUsernameTest" finished-at="2019-02-05T11:04:25Z" duration-ms="4847" status="PASS">
          <reporter-output>
          </reporter-output>
        </test-method> <!-- incorrectUsernameTest -->
        <test-method is-config="true" signature="tearDown()[pri:0, instance:com.herokuapp.theinternet.NegativeTests@5609159b]" started-at="2019-02-05T11:04:25Z" name="tearDown" finished-at="2019-02-05T11:04:29Z" duration-ms="3784" status="PASS">
          <reporter-output>
          </reporter-output>
        </test-method> <!-- tearDown -->
      </class> <!-- com.herokuapp.theinternet.NegativeTests -->
    </test> <!-- NegativePasswordTest-FF -->
  </suite> <!-- NegativeTestSuite -->
</testng-results>
